#
# There is insufficient memory for the Java Runtime Environment to continue.
# Native memory allocation (malloc) failed to allocate 801936 bytes. Error detail: Chunk::new
# Possible reasons:
#   The system is out of physical RAM or swap space
#   This process is running with CompressedOops enabled, and the Java Heap may be blocking the growth of the native heap
# Possible solutions:
#   Reduce memory load on the system
#   Increase physical memory or swap space
#   Check if swap backing store is full
#   Decrease Java heap size (-Xmx/-Xms)
#   Decrease number of Java threads
#   Decrease Java thread stack sizes (-Xss)
#   Set larger code cache with -XX:ReservedCodeCacheSize=
#   JVM is running with Unscaled Compressed Oops mode in which the Java heap is
#     placed in the first 4GB address space. The Java Heap base address is the
#     maximum limit for the native heap growth. Please use -XX:HeapBaseMinAddress
#     to set the Java Heap base and to place the Java Heap above 4GB virtual address.
# This output file may be truncated or incomplete.
#
#  Out of Memory Error (arena.cpp:150), pid=4208, tid=6152
#
# JRE version: Java(TM) SE Runtime Environment (22.0.1+8) (build 22.0.1+8-16)
# Java VM: Java HotSpot(TM) 64-Bit Server VM (22.0.1+8-16, mixed mode, sharing, tiered, compressed oops, compressed class ptrs, g1 gc, windows-amd64)
# No core dump will be written. Minidumps are not enabled by default on client versions of Windows
#

---------------  S U M M A R Y ------------

Command Line: -Dclassworlds.conf=C:\Users\dell\.m2\wrapper\dists\apache-maven-3.9.9\977a63e90f436cd6ade95b4c0e10c20c\bin\m2.conf -Dmaven.home=C:\Users\dell\.m2\wrapper\dists\apache-maven-3.9.9\977a63e90f436cd6ade95b4c0e10c20c -Dlibrary.jansi.path=C:\Users\dell\.m2\wrapper\dists\apache-maven-3.9.9\977a63e90f436cd6ade95b4c0e10c20c\lib\jansi-native -Dmaven.multiModuleProjectDirectory=C:\Users\dell\OneDrive\Bureau\projects\conge org.codehaus.plexus.classworlds.launcher.Launcher -Dtest=dz.airalgerie.conge.CongeApplicationTests -Dmaven.ext.class.path=C:\Users\dell\.vscode\extensions\oracle.oracle-java-24.0.0\nbcode\java\maven-nblib\netbeans-eventspy.jar --no-transfer-progress process-test-classes surefire:test

Host: Intel(R) Core(TM) i5-8250U CPU @ 1.60GHz, 8 cores, 7G,  Windows 11 , 64 bit Build 26100 (10.0.26100.3775)
Time: Thu May  1 14:45:21 2025 W. Central Africa Standard Time elapsed time: 7.240100 seconds (0d 0h 0m 7s)

---------------  T H R E A D  ---------------

Current thread (0x00000120e5037570):  JavaThread "C2 CompilerThread1" daemon [_thread_in_native, id=6152, stack(0x00000016d5300000,0x00000016d5400000) (1024K)]


Current CompileTask:
C2:7240 2775       4       org.codehaus.plexus.util.xml.pull.MXParser::parseStartTag (1190 bytes)

Stack: [0x00000016d5300000,0x00000016d5400000]
Native frames: (J=compiled Java code, j=interpreted, Vv=VM code, C=native code)
V  [jvm.dll+0x6e2279]  (no source info available)
V  [jvm.dll+0x874e33]  (no source info available)
V  [jvm.dll+0x87725e]  (no source info available)
V  [jvm.dll+0x877933]  (no source info available)
V  [jvm.dll+0x27fd76]  (no source info available)
V  [jvm.dll+0xc3d0f]  (no source info available)
V  [jvm.dll+0xc3f6b]  (no source info available)
V  [jvm.dll+0x3bb0d2]  (no source info available)
V  [jvm.dll+0x387b6b]  (no source info available)
V  [jvm.dll+0x386fda]  (no source info available)
V  [jvm.dll+0x247918]  (no source info available)
V  [jvm.dll+0x246fbf]  (no source info available)
V  [jvm.dll+0x1c4e90]  (no source info available)
V  [jvm.dll+0x2569fe]  (no source info available)
V  [jvm.dll+0x254cba]  (no source info available)
V  [jvm.dll+0x3f5336]  (no source info available)
V  [jvm.dll+0x81d44b]  (no source info available)
V  [jvm.dll+0x6e0915]  (no source info available)
C  [ucrtbase.dll+0x37b0]  (no source info available)
C  [KERNEL32.DLL+0x2e8d7]  (no source info available)
C  [ntdll.dll+0xb14fc]  (no source info available)


---------------  P R O C E S S  ---------------

Threads class SMR info:
_java_thread_list=0x00000120e50d3940, length=12, elements={
0x00000120c5774970, 0x00000120e424d470, 0x00000120e4250e00, 0x00000120e4257150,
0x00000120e425be20, 0x00000120e425cc30, 0x00000120e425eae0, 0x00000120e4261a30,
0x00000120e426b470, 0x00000120c5294ab0, 0x00000120c52a0960, 0x00000120e5037570
}

Java Threads: ( => current thread )
  0x00000120c5774970 JavaThread "main"                              [_thread_in_Java, id=18440, stack(0x00000016d4100000,0x00000016d4200000) (1024K)]
  0x00000120e424d470 JavaThread "Reference Handler"          daemon [_thread_blocked, id=15600, stack(0x00000016d4900000,0x00000016d4a00000) (1024K)]
  0x00000120e4250e00 JavaThread "Finalizer"                  daemon [_thread_blocked, id=8868, stack(0x00000016d4a00000,0x00000016d4b00000) (1024K)]
  0x00000120e4257150 JavaThread "Signal Dispatcher"          daemon [_thread_blocked, id=11912, stack(0x00000016d4b00000,0x00000016d4c00000) (1024K)]
  0x00000120e425be20 JavaThread "Attach Listener"            daemon [_thread_blocked, id=12892, stack(0x00000016d4c00000,0x00000016d4d00000) (1024K)]
  0x00000120e425cc30 JavaThread "Service Thread"             daemon [_thread_blocked, id=18836, stack(0x00000016d4d00000,0x00000016d4e00000) (1024K)]
  0x00000120e425eae0 JavaThread "Monitor Deflation Thread"   daemon [_thread_blocked, id=9364, stack(0x00000016d4e00000,0x00000016d4f00000) (1024K)]
  0x00000120e4261a30 JavaThread "C2 CompilerThread0"         daemon [_thread_in_native, id=16392, stack(0x00000016d4f00000,0x00000016d5000000) (1024K)]
  0x00000120e426b470 JavaThread "C1 CompilerThread0"         daemon [_thread_blocked, id=14376, stack(0x00000016d5000000,0x00000016d5100000) (1024K)]
  0x00000120c5294ab0 JavaThread "Notification Thread"        daemon [_thread_blocked, id=1960, stack(0x00000016d5100000,0x00000016d5200000) (1024K)]
  0x00000120c52a0960 JavaThread "Common-Cleaner"             daemon [_thread_blocked, id=20748, stack(0x00000016d5200000,0x00000016d5300000) (1024K)]
=>0x00000120e5037570 JavaThread "C2 CompilerThread1"         daemon [_thread_in_native, id=6152, stack(0x00000016d5300000,0x00000016d5400000) (1024K)]
Total: 12

Other Threads:
  0x00000120e4233890 VMThread "VM Thread"                           [id=19972, stack(0x00000016d4800000,0x00000016d4900000) (1024K)]
  0x00000120e42196a0 WatcherThread "VM Periodic Task Thread"        [id=11544, stack(0x00000016d4700000,0x00000016d4800000) (1024K)]
  0x00000120c5ac39d0 WorkerThread "GC Thread#0"                     [id=8948, stack(0x00000016d4200000,0x00000016d4300000) (1024K)]
  0x00000120e531bba0 WorkerThread "GC Thread#1"                     [id=11748, stack(0x00000016d5500000,0x00000016d5600000) (1024K)]
  0x00000120e531bf50 WorkerThread "GC Thread#2"                     [id=7540, stack(0x00000016d5600000,0x00000016d5700000) (1024K)]
  0x00000120e5642e50 WorkerThread "GC Thread#3"                     [id=3996, stack(0x00000016d5700000,0x00000016d5800000) (1024K)]
  0x00000120e554b1d0 WorkerThread "GC Thread#4"                     [id=15184, stack(0x00000016d5800000,0x00000016d5900000) (1024K)]
  0x00000120e554c440 WorkerThread "GC Thread#5"                     [id=12640, stack(0x00000016d5900000,0x00000016d5a00000) (1024K)]
  0x00000120e554c090 WorkerThread "GC Thread#6"                     [id=15892, stack(0x00000016d5a00000,0x00000016d5b00000) (1024K)]
  0x00000120e554c7f0 WorkerThread "GC Thread#7"                     [id=13820, stack(0x00000016d5b00000,0x00000016d5c00000) (1024K)]
  0x00000120c5ad5590 ConcurrentGCThread "G1 Main Marker"            [id=4312, stack(0x00000016d4300000,0x00000016d4400000) (1024K)]
  0x00000120c5ad60a0 WorkerThread "G1 Conc#0"                       [id=17656, stack(0x00000016d4400000,0x00000016d4500000) (1024K)]
  0x00000120c5b2e6c0 ConcurrentGCThread "G1 Refine#0"               [id=19384, stack(0x00000016d4500000,0x00000016d4600000) (1024K)]
  0x00000120e40ebb30 ConcurrentGCThread "G1 Service"                [id=20736, stack(0x00000016d4600000,0x00000016d4700000) (1024K)]
Total: 14

Threads with active compile tasks:
C2 CompilerThread0  7362 2971       4       java.lang.String::<init> (14 bytes)
C2 CompilerThread1  7362 2775       4       org.codehaus.plexus.util.xml.pull.MXParser::parseStartTag (1190 bytes)
Total: 2

VM state: not at safepoint (normal execution)

VM Mutex/Monitor currently owned by a thread: None

Heap address: 0x0000000082200000, size: 2014 MB, Compressed Oops mode: 32-bit

CDS archive(s) mapped at: [0x0000012080000000-0x0000012080c60000-0x0000012080c60000), size 12976128, SharedBaseAddress: 0x0000012080000000, ArchiveRelocationMode: 1.
Compressed class space mapped at: 0x0000012081000000-0x00000120c1000000, reserved size: 1073741824
Narrow klass base: 0x0000012080000000, Narrow klass shift: 0, Narrow klass range: 0x41000000

GC Precious Log:
 CardTable entry size: 512
 Card Set container configuration: InlinePtr #cards 5 size 8 Array Of Cards #cards 12 size 40 Howl #buckets 4 coarsen threshold 1843 Howl Bitmap #cards 512 size 80 coarsen threshold 460 Card regions per heap region 1 cards per card region 2048
 CPUs: 8 total, 8 available
 Memory: 8050M
 Large Page Support: Disabled
 NUMA Support: Disabled
 Compressed Oops: Enabled (32-bit)
 Heap Region Size: 1M
 Heap Min Capacity: 8M
 Heap Initial Capacity: 126M
 Heap Max Capacity: 2014M
 Pre-touch: Disabled
 Parallel Workers: 8
 Concurrent Workers: 2
 Concurrent Refinement Workers: 8
 Periodic GC: Disabled

Heap:
 garbage-first heap   total reserved 2062336K, committed 129024K, used 33461K [0x0000000082200000, 0x0000000100000000)
  region size 1024K, 30 young (30720K), 2 survivors (2048K)
 Metaspace       used 14672K, committed 14912K, reserved 1114112K
  class space    used 1801K, committed 1920K, reserved 1048576K

Heap Regions: E=young(eden), S=young(survivor), O=old, HS=humongous(starts), HC=humongous(continues), CS=collection set, F=free, TAMS=top-at-mark-start, PB=parsable bottom
|   0|0x0000000082200000, 0x0000000082300000, 0x0000000082300000|100%| O|  |TAMS 0x0000000082200000| PB 0x0000000082200000| Untracked |  0
|   1|0x0000000082300000, 0x0000000082400000, 0x0000000082400000|100%| O|  |TAMS 0x0000000082300000| PB 0x0000000082300000| Untracked |  0
|   2|0x0000000082400000, 0x0000000082500000, 0x0000000082500000|100%| O|  |TAMS 0x0000000082400000| PB 0x0000000082400000| Untracked |  0
|   3|0x0000000082500000, 0x00000000825ad400, 0x0000000082600000| 67%| O|  |TAMS 0x0000000082500000| PB 0x0000000082500000| Untracked |  0
|   4|0x0000000082600000, 0x0000000082600000, 0x0000000082700000|  0%| F|  |TAMS 0x0000000082600000| PB 0x0000000082600000| Untracked |  0
|   5|0x0000000082700000, 0x0000000082700000, 0x0000000082800000|  0%| F|  |TAMS 0x0000000082700000| PB 0x0000000082700000| Untracked |  0
|   6|0x0000000082800000, 0x0000000082800000, 0x0000000082900000|  0%| F|  |TAMS 0x0000000082800000| PB 0x0000000082800000| Untracked |  0
|   7|0x0000000082900000, 0x0000000082900000, 0x0000000082a00000|  0%| F|  |TAMS 0x0000000082900000| PB 0x0000000082900000| Untracked |  0
|   8|0x0000000082a00000, 0x0000000082a00000, 0x0000000082b00000|  0%| F|  |TAMS 0x0000000082a00000| PB 0x0000000082a00000| Untracked |  0
|   9|0x0000000082b00000, 0x0000000082b00000, 0x0000000082c00000|  0%| F|  |TAMS 0x0000000082b00000| PB 0x0000000082b00000| Untracked |  0
|  10|0x0000000082c00000, 0x0000000082c00000, 0x0000000082d00000|  0%| F|  |TAMS 0x0000000082c00000| PB 0x0000000082c00000| Untracked |  0
|  11|0x0000000082d00000, 0x0000000082d00000, 0x0000000082e00000|  0%| F|  |TAMS 0x0000000082d00000| PB 0x0000000082d00000| Untracked |  0
|  12|0x0000000082e00000, 0x0000000082e00000, 0x0000000082f00000|  0%| F|  |TAMS 0x0000000082e00000| PB 0x0000000082e00000| Untracked |  0
|  13|0x0000000082f00000, 0x0000000082f00000, 0x0000000083000000|  0%| F|  |TAMS 0x0000000082f00000| PB 0x0000000082f00000| Untracked |  0
|  14|0x0000000083000000, 0x0000000083000000, 0x0000000083100000|  0%| F|  |TAMS 0x0000000083000000| PB 0x0000000083000000| Untracked |  0
|  15|0x0000000083100000, 0x0000000083100000, 0x0000000083200000|  0%| F|  |TAMS 0x0000000083100000| PB 0x0000000083100000| Untracked |  0
|  16|0x0000000083200000, 0x0000000083200000, 0x0000000083300000|  0%| F|  |TAMS 0x0000000083200000| PB 0x0000000083200000| Untracked |  0
|  17|0x0000000083300000, 0x0000000083300000, 0x0000000083400000|  0%| F|  |TAMS 0x0000000083300000| PB 0x0000000083300000| Untracked |  0
|  18|0x0000000083400000, 0x0000000083400000, 0x0000000083500000|  0%| F|  |TAMS 0x0000000083400000| PB 0x0000000083400000| Untracked |  0
|  19|0x0000000083500000, 0x0000000083500000, 0x0000000083600000|  0%| F|  |TAMS 0x0000000083500000| PB 0x0000000083500000| Untracked |  0
|  20|0x0000000083600000, 0x0000000083600000, 0x0000000083700000|  0%| F|  |TAMS 0x0000000083600000| PB 0x0000000083600000| Untracked |  0
|  21|0x0000000083700000, 0x0000000083700000, 0x0000000083800000|  0%| F|  |TAMS 0x0000000083700000| PB 0x0000000083700000| Untracked |  0
|  22|0x0000000083800000, 0x0000000083800000, 0x0000000083900000|  0%| F|  |TAMS 0x0000000083800000| PB 0x0000000083800000| Untracked |  0
|  23|0x0000000083900000, 0x0000000083900000, 0x0000000083a00000|  0%| F|  |TAMS 0x0000000083900000| PB 0x0000000083900000| Untracked |  0
|  24|0x0000000083a00000, 0x0000000083a00000, 0x0000000083b00000|  0%| F|  |TAMS 0x0000000083a00000| PB 0x0000000083a00000| Untracked |  0
|  25|0x0000000083b00000, 0x0000000083b00000, 0x0000000083c00000|  0%| F|  |TAMS 0x0000000083b00000| PB 0x0000000083b00000| Untracked |  0
|  26|0x0000000083c00000, 0x0000000083c00000, 0x0000000083d00000|  0%| F|  |TAMS 0x0000000083c00000| PB 0x0000000083c00000| Untracked |  0
|  27|0x0000000083d00000, 0x0000000083d00000, 0x0000000083e00000|  0%| F|  |TAMS 0x0000000083d00000| PB 0x0000000083d00000| Untracked |  0
|  28|0x0000000083e00000, 0x0000000083e00000, 0x0000000083f00000|  0%| F|  |TAMS 0x0000000083e00000| PB 0x0000000083e00000| Untracked |  0
|  29|0x0000000083f00000, 0x0000000083f00000, 0x0000000084000000|  0%| F|  |TAMS 0x0000000083f00000| PB 0x0000000083f00000| Untracked |  0
|  30|0x0000000084000000, 0x0000000084000000, 0x0000000084100000|  0%| F|  |TAMS 0x0000000084000000| PB 0x0000000084000000| Untracked |  0
|  31|0x0000000084100000, 0x0000000084100000, 0x0000000084200000|  0%| F|  |TAMS 0x0000000084100000| PB 0x0000000084100000| Untracked |  0
|  32|0x0000000084200000, 0x0000000084200000, 0x0000000084300000|  0%| F|  |TAMS 0x0000000084200000| PB 0x0000000084200000| Untracked |  0
|  33|0x0000000084300000, 0x0000000084300000, 0x0000000084400000|  0%| F|  |TAMS 0x0000000084300000| PB 0x0000000084300000| Untracked |  0
|  34|0x0000000084400000, 0x0000000084400000, 0x0000000084500000|  0%| F|  |TAMS 0x0000000084400000| PB 0x0000000084400000| Untracked |  0
|  35|0x0000000084500000, 0x0000000084500000, 0x0000000084600000|  0%| F|  |TAMS 0x0000000084500000| PB 0x0000000084500000| Untracked |  0
|  36|0x0000000084600000, 0x0000000084600000, 0x0000000084700000|  0%| F|  |TAMS 0x0000000084600000| PB 0x0000000084600000| Untracked |  0
|  37|0x0000000084700000, 0x0000000084700000, 0x0000000084800000|  0%| F|  |TAMS 0x0000000084700000| PB 0x0000000084700000| Untracked |  0
|  38|0x0000000084800000, 0x0000000084800000, 0x0000000084900000|  0%| F|  |TAMS 0x0000000084800000| PB 0x0000000084800000| Untracked |  0
|  39|0x0000000084900000, 0x0000000084900000, 0x0000000084a00000|  0%| F|  |TAMS 0x0000000084900000| PB 0x0000000084900000| Untracked |  0
|  40|0x0000000084a00000, 0x0000000084a00000, 0x0000000084b00000|  0%| F|  |TAMS 0x0000000084a00000| PB 0x0000000084a00000| Untracked |  0
|  41|0x0000000084b00000, 0x0000000084b00000, 0x0000000084c00000|  0%| F|  |TAMS 0x0000000084b00000| PB 0x0000000084b00000| Untracked |  0
|  42|0x0000000084c00000, 0x0000000084c00000, 0x0000000084d00000|  0%| F|  |TAMS 0x0000000084c00000| PB 0x0000000084c00000| Untracked |  0
|  43|0x0000000084d00000, 0x0000000084d00000, 0x0000000084e00000|  0%| F|  |TAMS 0x0000000084d00000| PB 0x0000000084d00000| Untracked |  0
|  44|0x0000000084e00000, 0x0000000084e00000, 0x0000000084f00000|  0%| F|  |TAMS 0x0000000084e00000| PB 0x0000000084e00000| Untracked |  0
|  45|0x0000000084f00000, 0x0000000084f00000, 0x0000000085000000|  0%| F|  |TAMS 0x0000000084f00000| PB 0x0000000084f00000| Untracked |  0
|  46|0x0000000085000000, 0x0000000085000000, 0x0000000085100000|  0%| F|  |TAMS 0x0000000085000000| PB 0x0000000085000000| Untracked |  0
|  47|0x0000000085100000, 0x0000000085100000, 0x0000000085200000|  0%| F|  |TAMS 0x0000000085100000| PB 0x0000000085100000| Untracked |  0
|  48|0x0000000085200000, 0x0000000085200000, 0x0000000085300000|  0%| F|  |TAMS 0x0000000085200000| PB 0x0000000085200000| Untracked |  0
|  49|0x0000000085300000, 0x0000000085300000, 0x0000000085400000|  0%| F|  |TAMS 0x0000000085300000| PB 0x0000000085300000| Untracked |  0
|  50|0x0000000085400000, 0x0000000085400000, 0x0000000085500000|  0%| F|  |TAMS 0x0000000085400000| PB 0x0000000085400000| Untracked |  0
|  51|0x0000000085500000, 0x0000000085500000, 0x0000000085600000|  0%| F|  |TAMS 0x0000000085500000| PB 0x0000000085500000| Untracked |  0
|  52|0x0000000085600000, 0x0000000085600000, 0x0000000085700000|  0%| F|  |TAMS 0x0000000085600000| PB 0x0000000085600000| Untracked |  0
|  53|0x0000000085700000, 0x0000000085700000, 0x0000000085800000|  0%| F|  |TAMS 0x0000000085700000| PB 0x0000000085700000| Untracked |  0
|  54|0x0000000085800000, 0x0000000085800000, 0x0000000085900000|  0%| F|  |TAMS 0x0000000085800000| PB 0x0000000085800000| Untracked |  0
|  55|0x0000000085900000, 0x0000000085900000, 0x0000000085a00000|  0%| F|  |TAMS 0x0000000085900000| PB 0x0000000085900000| Untracked |  0
|  56|0x0000000085a00000, 0x0000000085a00000, 0x0000000085b00000|  0%| F|  |TAMS 0x0000000085a00000| PB 0x0000000085a00000| Untracked |  0
|  57|0x0000000085b00000, 0x0000000085b00000, 0x0000000085c00000|  0%| F|  |TAMS 0x0000000085b00000| PB 0x0000000085b00000| Untracked |  0
|  58|0x0000000085c00000, 0x0000000085c00000, 0x0000000085d00000|  0%| F|  |TAMS 0x0000000085c00000| PB 0x0000000085c00000| Untracked |  0
|  59|0x0000000085d00000, 0x0000000085d00000, 0x0000000085e00000|  0%| F|  |TAMS 0x0000000085d00000| PB 0x0000000085d00000| Untracked |  0
|  60|0x0000000085e00000, 0x0000000085e00000, 0x0000000085f00000|  0%| F|  |TAMS 0x0000000085e00000| PB 0x0000000085e00000| Untracked |  0
|  61|0x0000000085f00000, 0x0000000085f00000, 0x0000000086000000|  0%| F|  |TAMS 0x0000000085f00000| PB 0x0000000085f00000| Untracked |  0
|  62|0x0000000086000000, 0x0000000086000000, 0x0000000086100000|  0%| F|  |TAMS 0x0000000086000000| PB 0x0000000086000000| Untracked |  0
|  63|0x0000000086100000, 0x0000000086100000, 0x0000000086200000|  0%| F|  |TAMS 0x0000000086100000| PB 0x0000000086100000| Untracked |  0
|  64|0x0000000086200000, 0x0000000086200000, 0x0000000086300000|  0%| F|  |TAMS 0x0000000086200000| PB 0x0000000086200000| Untracked |  0
|  65|0x0000000086300000, 0x0000000086300000, 0x0000000086400000|  0%| F|  |TAMS 0x0000000086300000| PB 0x0000000086300000| Untracked |  0
|  66|0x0000000086400000, 0x0000000086400000, 0x0000000086500000|  0%| F|  |TAMS 0x0000000086400000| PB 0x0000000086400000| Untracked |  0
|  67|0x0000000086500000, 0x0000000086500000, 0x0000000086600000|  0%| F|  |TAMS 0x0000000086500000| PB 0x0000000086500000| Untracked |  0
|  68|0x0000000086600000, 0x0000000086600000, 0x0000000086700000|  0%| F|  |TAMS 0x0000000086600000| PB 0x0000000086600000| Untracked |  0
|  69|0x0000000086700000, 0x0000000086700000, 0x0000000086800000|  0%| F|  |TAMS 0x0000000086700000| PB 0x0000000086700000| Untracked |  0
|  70|0x0000000086800000, 0x0000000086800000, 0x0000000086900000|  0%| F|  |TAMS 0x0000000086800000| PB 0x0000000086800000| Untracked |  0
|  71|0x0000000086900000, 0x0000000086900000, 0x0000000086a00000|  0%| F|  |TAMS 0x0000000086900000| PB 0x0000000086900000| Untracked |  0
|  72|0x0000000086a00000, 0x0000000086a00000, 0x0000000086b00000|  0%| F|  |TAMS 0x0000000086a00000| PB 0x0000000086a00000| Untracked |  0
|  73|0x0000000086b00000, 0x0000000086b00000, 0x0000000086c00000|  0%| F|  |TAMS 0x0000000086b00000| PB 0x0000000086b00000| Untracked |  0
|  74|0x0000000086c00000, 0x0000000086c00000, 0x0000000086d00000|  0%| F|  |TAMS 0x0000000086c00000| PB 0x0000000086c00000| Untracked |  0
|  75|0x0000000086d00000, 0x0000000086d00000, 0x0000000086e00000|  0%| F|  |TAMS 0x0000000086d00000| PB 0x0000000086d00000| Untracked |  0
|  76|0x0000000086e00000, 0x0000000086e00000, 0x0000000086f00000|  0%| F|  |TAMS 0x0000000086e00000| PB 0x0000000086e00000| Untracked |  0
|  77|0x0000000086f00000, 0x0000000086f00000, 0x0000000087000000|  0%| F|  |TAMS 0x0000000086f00000| PB 0x0000000086f00000| Untracked |  0
|  78|0x0000000087000000, 0x0000000087000000, 0x0000000087100000|  0%| F|  |TAMS 0x0000000087000000| PB 0x0000000087000000| Untracked |  0
|  79|0x0000000087100000, 0x0000000087100000, 0x0000000087200000|  0%| F|  |TAMS 0x0000000087100000| PB 0x0000000087100000| Untracked |  0
|  80|0x0000000087200000, 0x0000000087200000, 0x0000000087300000|  0%| F|  |TAMS 0x0000000087200000| PB 0x0000000087200000| Untracked |  0
|  81|0x0000000087300000, 0x0000000087300000, 0x0000000087400000|  0%| F|  |TAMS 0x0000000087300000| PB 0x0000000087300000| Untracked |  0
|  82|0x0000000087400000, 0x0000000087400000, 0x0000000087500000|  0%| F|  |TAMS 0x0000000087400000| PB 0x0000000087400000| Untracked |  0
|  83|0x0000000087500000, 0x0000000087500000, 0x0000000087600000|  0%| F|  |TAMS 0x0000000087500000| PB 0x0000000087500000| Untracked |  0
|  84|0x0000000087600000, 0x0000000087600000, 0x0000000087700000|  0%| F|  |TAMS 0x0000000087600000| PB 0x0000000087600000| Untracked |  0
|  85|0x0000000087700000, 0x0000000087700000, 0x0000000087800000|  0%| F|  |TAMS 0x0000000087700000| PB 0x0000000087700000| Untracked |  0
|  86|0x0000000087800000, 0x0000000087800000, 0x0000000087900000|  0%| F|  |TAMS 0x0000000087800000| PB 0x0000000087800000| Untracked |  0
|  87|0x0000000087900000, 0x0000000087900000, 0x0000000087a00000|  0%| F|  |TAMS 0x0000000087900000| PB 0x0000000087900000| Untracked |  0
|  88|0x0000000087a00000, 0x0000000087a00000, 0x0000000087b00000|  0%| F|  |TAMS 0x0000000087a00000| PB 0x0000000087a00000| Untracked |  0
|  89|0x0000000087b00000, 0x0000000087c00000, 0x0000000087c00000|100%| S|CS|TAMS 0x0000000087b00000| PB 0x0000000087b00000| Complete |  0
|  90|0x0000000087c00000, 0x0000000087d00000, 0x0000000087d00000|100%| S|CS|TAMS 0x0000000087c00000| PB 0x0000000087c00000| Complete |  0
|  91|0x0000000087d00000, 0x0000000087d00000, 0x0000000087e00000|  0%| F|  |TAMS 0x0000000087d00000| PB 0x0000000087d00000| Untracked |  0
|  92|0x0000000087e00000, 0x0000000087e00000, 0x0000000087f00000|  0%| F|  |TAMS 0x0000000087e00000| PB 0x0000000087e00000| Untracked |  0
|  93|0x0000000087f00000, 0x0000000087f00000, 0x0000000088000000|  0%| F|  |TAMS 0x0000000087f00000| PB 0x0000000087f00000| Untracked |  0
|  94|0x0000000088000000, 0x0000000088000000, 0x0000000088100000|  0%| F|  |TAMS 0x0000000088000000| PB 0x0000000088000000| Untracked |  0
|  95|0x0000000088100000, 0x0000000088100000, 0x0000000088200000|  0%| F|  |TAMS 0x0000000088100000| PB 0x0000000088100000| Untracked |  0
|  96|0x0000000088200000, 0x0000000088200000, 0x0000000088300000|  0%| F|  |TAMS 0x0000000088200000| PB 0x0000000088200000| Untracked |  0
|  97|0x0000000088300000, 0x0000000088300000, 0x0000000088400000|  0%| F|  |TAMS 0x0000000088300000| PB 0x0000000088300000| Untracked |  0
|  98|0x0000000088400000, 0x0000000088500000, 0x0000000088500000|100%| E|  |TAMS 0x0000000088400000| PB 0x0000000088400000| Complete |  0
|  99|0x0000000088500000, 0x0000000088600000, 0x0000000088600000|100%| E|CS|TAMS 0x0000000088500000| PB 0x0000000088500000| Complete |  0
| 100|0x0000000088600000, 0x0000000088700000, 0x0000000088700000|100%| E|CS|TAMS 0x0000000088600000| PB 0x0000000088600000| Complete |  0
| 101|0x0000000088700000, 0x0000000088800000, 0x0000000088800000|100%| E|CS|TAMS 0x0000000088700000| PB 0x0000000088700000| Complete |  0
| 102|0x0000000088800000, 0x0000000088900000, 0x0000000088900000|100%| E|CS|TAMS 0x0000000088800000| PB 0x0000000088800000| Complete |  0
| 103|0x0000000088900000, 0x0000000088a00000, 0x0000000088a00000|100%| E|CS|TAMS 0x0000000088900000| PB 0x0000000088900000| Complete |  0
| 104|0x0000000088a00000, 0x0000000088b00000, 0x0000000088b00000|100%| E|CS|TAMS 0x0000000088a00000| PB 0x0000000088a00000| Complete |  0
| 105|0x0000000088b00000, 0x0000000088c00000, 0x0000000088c00000|100%| E|CS|TAMS 0x0000000088b00000| PB 0x0000000088b00000| Complete |  0
| 106|0x0000000088c00000, 0x0000000088d00000, 0x0000000088d00000|100%| E|CS|TAMS 0x0000000088c00000| PB 0x0000000088c00000| Complete |  0
| 107|0x0000000088d00000, 0x0000000088e00000, 0x0000000088e00000|100%| E|CS|TAMS 0x0000000088d00000| PB 0x0000000088d00000| Complete |  0
| 108|0x0000000088e00000, 0x0000000088f00000, 0x0000000088f00000|100%| E|CS|TAMS 0x0000000088e00000| PB 0x0000000088e00000| Complete |  0
| 109|0x0000000088f00000, 0x0000000089000000, 0x0000000089000000|100%| E|CS|TAMS 0x0000000088f00000| PB 0x0000000088f00000| Complete |  0
| 110|0x0000000089000000, 0x0000000089100000, 0x0000000089100000|100%| E|CS|TAMS 0x0000000089000000| PB 0x0000000089000000| Complete |  0
| 111|0x0000000089100000, 0x0000000089200000, 0x0000000089200000|100%| E|CS|TAMS 0x0000000089100000| PB 0x0000000089100000| Complete |  0
| 112|0x0000000089200000, 0x0000000089300000, 0x0000000089300000|100%| E|CS|TAMS 0x0000000089200000| PB 0x0000000089200000| Complete |  0
| 113|0x0000000089300000, 0x0000000089400000, 0x0000000089400000|100%| E|CS|TAMS 0x0000000089300000| PB 0x0000000089300000| Complete |  0
| 114|0x0000000089400000, 0x0000000089500000, 0x0000000089500000|100%| E|CS|TAMS 0x0000000089400000| PB 0x0000000089400000| Complete |  0
| 115|0x0000000089500000, 0x0000000089600000, 0x0000000089600000|100%| E|CS|TAMS 0x0000000089500000| PB 0x0000000089500000| Complete |  0
| 116|0x0000000089600000, 0x0000000089700000, 0x0000000089700000|100%| E|CS|TAMS 0x0000000089600000| PB 0x0000000089600000| Complete |  0
| 117|0x0000000089700000, 0x0000000089800000, 0x0000000089800000|100%| E|CS|TAMS 0x0000000089700000| PB 0x0000000089700000| Complete |  0
| 118|0x0000000089800000, 0x0000000089900000, 0x0000000089900000|100%| E|CS|TAMS 0x0000000089800000| PB 0x0000000089800000| Complete |  0
| 119|0x0000000089900000, 0x0000000089a00000, 0x0000000089a00000|100%| E|CS|TAMS 0x0000000089900000| PB 0x0000000089900000| Complete |  0
| 120|0x0000000089a00000, 0x0000000089b00000, 0x0000000089b00000|100%| E|CS|TAMS 0x0000000089a00000| PB 0x0000000089a00000| Complete |  0
| 121|0x0000000089b00000, 0x0000000089c00000, 0x0000000089c00000|100%| E|CS|TAMS 0x0000000089b00000| PB 0x0000000089b00000| Complete |  0
| 122|0x0000000089c00000, 0x0000000089d00000, 0x0000000089d00000|100%| E|CS|TAMS 0x0000000089c00000| PB 0x0000000089c00000| Complete |  0
| 123|0x0000000089d00000, 0x0000000089e00000, 0x0000000089e00000|100%| E|CS|TAMS 0x0000000089d00000| PB 0x0000000089d00000| Complete |  0
| 124|0x0000000089e00000, 0x0000000089f00000, 0x0000000089f00000|100%| E|CS|TAMS 0x0000000089e00000| PB 0x0000000089e00000| Complete |  0
| 125|0x0000000089f00000, 0x000000008a000000, 0x000000008a000000|100%| E|CS|TAMS 0x0000000089f00000| PB 0x0000000089f00000| Complete |  0

Card table byte_map: [0x00000120df4b0000,0x00000120df8a0000] _byte_map_base: 0x00000120df09f000

Marking Bits: (CMBitMap*) 0x00000120c5ac40e0
 Bits: [0x00000120df8a0000, 0x00000120e1818000)

Polling page: 0x00000120c72e0000

Metaspace:

Usage:
  Non-class:     12.57 MB used.
      Class:      1.76 MB used.
       Both:     14.33 MB used.

Virtual space:
  Non-class space:       64.00 MB reserved,      12.69 MB ( 20%) committed,  1 nodes.
      Class space:        1.00 GB reserved,       1.88 MB ( <1%) committed,  1 nodes.
             Both:        1.06 GB reserved,      14.56 MB (  1%) committed. 

Chunk freelists:
   Non-Class:  2.62 MB
       Class:  13.96 MB
        Both:  16.58 MB

MaxMetaspaceSize: unlimited
CompressedClassSpaceSize: 1.00 GB
Initial GC threshold: 21.00 MB
Current GC threshold: 21.00 MB
CDS: on
 - commit_granule_bytes: 65536.
 - commit_granule_words: 8192.
 - virtual_space_node_default_size: 8388608.
 - enlarge_chunks_in_place: 1.
 - use_allocation_guard: 0.


Internal statistics:

num_allocs_failed_limit: 0.
num_arena_births: 164.
num_arena_deaths: 0.
num_vsnodes_births: 2.
num_vsnodes_deaths: 0.
num_space_committed: 233.
num_space_uncommitted: 0.
num_chunks_returned_to_freelist: 0.
num_chunks_taken_from_freelist: 651.
num_chunk_merges: 0.
num_chunk_splits: 455.
num_chunks_enlarged: 374.
num_inconsistent_stats: 0.

CodeHeap 'non-profiled nmethods': size=120000Kb used=1204Kb max_used=1204Kb free=118795Kb
 bounds [0x00000120d7200000, 0x00000120d7470000, 0x00000120de730000]
CodeHeap 'profiled nmethods': size=120000Kb used=5835Kb max_used=5835Kb free=114164Kb
 bounds [0x00000120cf730000, 0x00000120cfcf0000, 0x00000120d6c60000]
CodeHeap 'non-nmethods': size=5760Kb used=1401Kb max_used=1447Kb free=4359Kb
 bounds [0x00000120d6c60000, 0x00000120d6ed0000, 0x00000120d7200000]
 total_blobs=3476 nmethods=2985 adapters=395
 compilation: enabled
              stopped_count=0, restarted_count=0
 full_count=0

Compilation events (20 events):
Event: 4.202 Thread 0x00000120e426b470 2826       3       java.lang.PublicMethods::merge (81 bytes)
Event: 4.203 Thread 0x00000120e426b470 nmethod 2826 0x00000120cfc86710 code [0x00000120cfc86940, 0x00000120cfc872d8]
Event: 4.203 Thread 0x00000120e426b470 2840  s    3       java.util.Hashtable::put (104 bytes)
Event: 4.203 Thread 0x00000120e426b470 nmethod 2840 0x00000120cfc87690 code [0x00000120cfc878a0, 0x00000120cfc87fb0]
Event: 4.204 Thread 0x00000120e426b470 2830   !   3       org.apache.maven.model.interpolation.StringVisitorModelInterpolator$1::interpolate (97 bytes)
Event: 4.204 Thread 0x00000120e426b470 nmethod 2830 0x00000120cfc88210 code [0x00000120cfc88480, 0x00000120cfc88d50]
Event: 4.205 Thread 0x00000120e426b470 2841       3       org.codehaus.plexus.interpolation.PrefixedValueSourceWrapper::getValue (39 bytes)
Event: 4.205 Thread 0x00000120e426b470 nmethod 2841 0x00000120cfc89110 code [0x00000120cfc892e0, 0x00000120cfc895d0]
Event: 4.205 Thread 0x00000120e426b470 2843   !   3       org.codehaus.plexus.interpolation.StringSearchInterpolator::interpolate (668 bytes)
Event: 4.209 Thread 0x00000120e426b470 nmethod 2843 0x00000120cfc89690 code [0x00000120cfc89d60, 0x00000120cfc8d648]
Event: 4.209 Thread 0x00000120e426b470 2842       3       java.lang.Character::isJavaIdentifierPart (9 bytes)
Event: 4.209 Thread 0x00000120e426b470 nmethod 2842 0x00000120cfc8f190 code [0x00000120cfc8f340, 0x00000120cfc8f538]
Event: 4.209 Thread 0x00000120e426b470 2845       3       java.util.Properties::get (9 bytes)
Event: 4.209 Thread 0x00000120e426b470 nmethod 2845 0x00000120cfc8f610 code [0x00000120cfc8f7c0, 0x00000120cfc8f918]
Event: 4.209 Thread 0x00000120e426b470 2846       3       org.codehaus.plexus.interpolation.MapBasedValueSource::getValue (22 bytes)
Event: 4.209 Thread 0x00000120e426b470 nmethod 2846 0x00000120cfc8fa10 code [0x00000120cfc8fbc0, 0x00000120cfc8fde8]
Event: 4.209 Thread 0x00000120e426b470 2847       3       java.util.WeakHashMap::get (75 bytes)
Event: 4.210 Thread 0x00000120e426b470 nmethod 2847 0x00000120cfc8fe90 code [0x00000120cfc900c0, 0x00000120cfc90948]
Event: 4.210 Thread 0x00000120e426b470 2844       1       org.apache.maven.model.Plugin::setVersion (6 bytes)
Event: 4.210 Thread 0x00000120e426b470 nmethod 2844 0x00000120d731eb10 code [0x00000120d731eca0, 0x00000120d731edb0]

GC Heap History (4 events):
Event: 2.028 GC heap before
{Heap before GC invocations=0 (full 0):
 garbage-first heap   total reserved 2062336K, committed 129024K, used 24576K [0x0000000082200000, 0x0000000100000000)
  region size 1024K, 24 young (24576K), 0 survivors (0K)
 Metaspace       used 5608K, committed 5760K, reserved 1114112K
  class space    used 670K, committed 768K, reserved 1048576K
}
Event: 2.038 GC heap after
{Heap after GC invocations=1 (full 0):
 garbage-first heap   total reserved 2062336K, committed 129024K, used 3778K [0x0000000082200000, 0x0000000100000000)
  region size 1024K, 3 young (3072K), 3 survivors (3072K)
 Metaspace       used 5608K, committed 5760K, reserved 1114112K
  class space    used 670K, committed 768K, reserved 1048576K
}
Event: 3.250 GC heap before
{Heap before GC invocations=1 (full 0):
 garbage-first heap   total reserved 2062336K, committed 129024K, used 36546K [0x0000000082200000, 0x0000000100000000)
  region size 1024K, 35 young (35840K), 3 survivors (3072K)
 Metaspace       used 10137K, committed 10368K, reserved 1114112K
  class space    used 1235K, committed 1344K, reserved 1048576K
}
Event: 3.260 GC heap after
{Heap after GC invocations=2 (full 0):
 garbage-first heap   total reserved 2062336K, committed 129024K, used 5813K [0x0000000082200000, 0x0000000100000000)
  region size 1024K, 2 young (2048K), 2 survivors (2048K)
 Metaspace       used 10137K, committed 10368K, reserved 1114112K
  class space    used 1235K, committed 1344K, reserved 1048576K
}

Dll operation events (8 events):
Event: 0.042 Loaded shared library C:\Users\dell\New folder\site\projet-recettes\.vscode\Oracle_JDK-22\bin\java.dll
Event: 0.447 Loaded shared library C:\Users\dell\New folder\site\projet-recettes\.vscode\Oracle_JDK-22\bin\jsvml.dll
Event: 0.500 Loaded shared library C:\Users\dell\New folder\site\projet-recettes\.vscode\Oracle_JDK-22\bin\net.dll
Event: 0.506 Loaded shared library C:\Users\dell\New folder\site\projet-recettes\.vscode\Oracle_JDK-22\bin\nio.dll
Event: 0.516 Loaded shared library C:\Users\dell\New folder\site\projet-recettes\.vscode\Oracle_JDK-22\bin\zip.dll
Event: 0.910 Loaded shared library C:\Users\dell\New folder\site\projet-recettes\.vscode\Oracle_JDK-22\bin\jimage.dll
Event: 0.912 Loaded shared library C:\Users\dell\.m2\wrapper\dists\apache-maven-3.9.9\977a63e90f436cd6ade95b4c0e10c20c\lib\jansi-native\Windows\x86_64\jansi.dll
Event: 0.940 Loaded shared library C:\Users\dell\New folder\site\projet-recettes\.vscode\Oracle_JDK-22\bin\verify.dll

Deoptimization events (20 events):
Event: 4.136 Thread 0x00000120c5774970 Uncommon trap: trap_request=0xffffff45 fr.pc=0x00000120d728b748 relative=0x0000000000000328
Event: 4.136 Thread 0x00000120c5774970 Uncommon trap: reason=unstable_if action=reinterpret pc=0x00000120d728b748 method=java.lang.String.<init>([CIILjava/lang/Void;)V @ 5 c2
Event: 4.136 Thread 0x00000120c5774970 DEOPT PACKING pc=0x00000120d728b748 sp=0x00000016d41fd860
Event: 4.136 Thread 0x00000120c5774970 DEOPT UNPACKING pc=0x00000120d6cb46a2 sp=0x00000016d41fd820 mode 2
Event: 4.164 Thread 0x00000120c5774970 Uncommon trap: trap_request=0xffffffde fr.pc=0x00000120d72f6bc0 relative=0x00000000000008a0
Event: 4.164 Thread 0x00000120c5774970 Uncommon trap: reason=class_check action=maybe_recompile pc=0x00000120d72f6bc0 method=java.util.HashMap.putVal(ILjava/lang/Object;Ljava/lang/Object;ZZ)Ljava/lang/Object; @ 203 c2
Event: 4.164 Thread 0x00000120c5774970 DEOPT PACKING pc=0x00000120d72f6bc0 sp=0x00000016d41fdbe0
Event: 4.164 Thread 0x00000120c5774970 DEOPT UNPACKING pc=0x00000120d6cb46a2 sp=0x00000016d41fdb18 mode 2
Event: 4.164 Thread 0x00000120c5774970 Uncommon trap: trap_request=0xffffffde fr.pc=0x00000120d72f6bc0 relative=0x00000000000008a0
Event: 4.164 Thread 0x00000120c5774970 Uncommon trap: reason=class_check action=maybe_recompile pc=0x00000120d72f6bc0 method=java.util.HashMap.putVal(ILjava/lang/Object;Ljava/lang/Object;ZZ)Ljava/lang/Object; @ 203 c2
Event: 4.164 Thread 0x00000120c5774970 DEOPT PACKING pc=0x00000120d72f6bc0 sp=0x00000016d41fdbe0
Event: 4.164 Thread 0x00000120c5774970 DEOPT UNPACKING pc=0x00000120d6cb46a2 sp=0x00000016d41fdb18 mode 2
Event: 4.164 Thread 0x00000120c5774970 Uncommon trap: trap_request=0xffffffde fr.pc=0x00000120d72f6bc0 relative=0x00000000000008a0
Event: 4.164 Thread 0x00000120c5774970 Uncommon trap: reason=class_check action=maybe_recompile pc=0x00000120d72f6bc0 method=java.util.HashMap.putVal(ILjava/lang/Object;Ljava/lang/Object;ZZ)Ljava/lang/Object; @ 203 c2
Event: 4.164 Thread 0x00000120c5774970 DEOPT PACKING pc=0x00000120d72f6bc0 sp=0x00000016d41fdbe0
Event: 4.164 Thread 0x00000120c5774970 DEOPT UNPACKING pc=0x00000120d6cb46a2 sp=0x00000016d41fdb18 mode 2
Event: 4.164 Thread 0x00000120c5774970 Uncommon trap: trap_request=0xffffffde fr.pc=0x00000120d72f6bc0 relative=0x00000000000008a0
Event: 4.164 Thread 0x00000120c5774970 Uncommon trap: reason=class_check action=maybe_recompile pc=0x00000120d72f6bc0 method=java.util.HashMap.putVal(ILjava/lang/Object;Ljava/lang/Object;ZZ)Ljava/lang/Object; @ 203 c2
Event: 4.164 Thread 0x00000120c5774970 DEOPT PACKING pc=0x00000120d72f6bc0 sp=0x00000016d41fdbe0
Event: 4.164 Thread 0x00000120c5774970 DEOPT UNPACKING pc=0x00000120d6cb46a2 sp=0x00000016d41fdb18 mode 2

Classes loaded (20 events):
Event: 4.108 Loading class java/nio/file/AccessMode
Event: 4.108 Loading class java/nio/file/AccessMode done
Event: 4.108 Loading class sun/nio/fs/WindowsFileSystemProvider$1
Event: 4.108 Loading class sun/nio/fs/WindowsFileSystemProvider$1 done
Event: 4.111 Loading class sun/nio/ch/FileLockImpl
Event: 4.112 Loading class sun/nio/ch/FileLockImpl done
Event: 4.112 Loading class sun/nio/ch/FileLockTable
Event: 4.112 Loading class sun/nio/ch/FileLockTable done
Event: 4.112 Loading class sun/nio/ch/FileKey
Event: 4.112 Loading class sun/nio/ch/FileKey done
Event: 4.112 Loading class sun/nio/ch/FileLockTable$FileLockReference
Event: 4.112 Loading class sun/nio/ch/FileLockTable$FileLockReference done
Event: 4.113 Loading class java/nio/channels/spi/AbstractInterruptibleChannel$1
Event: 4.113 Loading class sun/nio/ch/Interruptible
Event: 4.113 Loading class sun/nio/ch/Interruptible done
Event: 4.113 Loading class java/nio/channels/spi/AbstractInterruptibleChannel$1 done
Event: 4.113 Loading class java/util/AbstractMap$2
Event: 4.114 Loading class java/util/AbstractMap$2 done
Event: 4.114 Loading class java/util/AbstractMap$ValueIterator
Event: 4.114 Loading class java/util/AbstractMap$ValueIterator done

Classes unloaded (0 events):
No events

Classes redefined (0 events):
No events

Internal exceptions (20 events):
Event: 1.881 Thread 0x00000120c5774970 Exception <a 'java/lang/NoSuchMethodError'{0x0000000088ef01c0}: 'int java.lang.invoke.DirectMethodHandle$Holder.invokeStaticInit(java.lang.Object, java.lang.Object)'> (0x0000000088ef01c0) 
thrown [s\open\src\hotspot\share\interpreter\linkResolver.cpp, line 774]
Event: 1.894 Thread 0x00000120c5774970 Exception <a 'java/lang/NoClassDefFoundError'{0x0000000088d26738}: javax/enterprise/inject/Typed> (0x0000000088d26738) 
thrown [s\open\src\hotspot\share\classfile\systemDictionary.cpp, line 302]
Event: 3.305 Thread 0x00000120c5774970 Exception <a 'java/lang/NoSuchMethodError'{0x0000000089ede4b0}: 'void java.lang.invoke.DirectMethodHandle$Holder.invokeStaticInit(java.lang.Object, java.lang.Object, java.lang.Object)'> (0x0000000089ede4b0) 
thrown [s\open\src\hotspot\share\interpreter\linkResolver.cpp, line 774]
Event: 3.312 Thread 0x00000120c5774970 Exception <a 'java/lang/ExceptionInInitializerError'{0x0000000089d08490}> (0x0000000089d08490) 
thrown [s\open\src\hotspot\share\oops\instanceKlass.cpp, line 1247]
Event: 3.352 Thread 0x00000120c5774970 Exception <a 'java/lang/NoSuchMethodError'{0x0000000089c19058}: 'long java.lang.invoke.DirectMethodHandle$Holder.invokeStatic(java.lang.Object, java.lang.Object, int)'> (0x0000000089c19058) 
thrown [s\open\src\hotspot\share\interpreter\linkResolver.cpp, line 774]
Event: 3.355 Thread 0x00000120c5774970 Exception <a 'java/lang/NoSuchMethodError'{0x0000000089c2c570}: 'java.lang.Object java.lang.invoke.DirectMethodHandle$Holder.invokeStatic(java.lang.Object, java.lang.Object, java.lang.Object, java.lang.Object, int)'> (0x0000000089c2c570) 
thrown [s\open\src\hotspot\share\interpreter\linkResolver.cpp, line 774]
Event: 3.355 Thread 0x00000120c5774970 Exception <a 'java/lang/NoSuchMethodError'{0x0000000089c34728}: 'java.lang.Object java.lang.invoke.DirectMethodHandle$Holder.invokeSpecial(java.lang.Object, java.lang.Object, java.lang.Object, java.lang.Object, long)'> (0x0000000089c34728) 
thrown [s\open\src\hotspot\share\interpreter\linkResolver.cpp, line 774]
Event: 3.356 Thread 0x00000120c5774970 Exception <a 'java/lang/NoSuchMethodError'{0x0000000089c404f8}: 'java.lang.Object java.lang.invoke.DirectMethodHandle$Holder.invokeSpecial(java.lang.Object, java.lang.Object, java.lang.Object, int, java.lang.Object)'> (0x0000000089c404f8) 
thrown [s\open\src\hotspot\share\interpreter\linkResolver.cpp, line 774]
Event: 3.357 Thread 0x00000120c5774970 Exception <a 'java/lang/NoSuchMethodError'{0x0000000089c48828}: 'int java.lang.invoke.DirectMethodHandle$Holder.invokeSpecial(java.lang.Object, java.lang.Object, java.lang.Object, int)'> (0x0000000089c48828) 
thrown [s\open\src\hotspot\share\interpreter\linkResolver.cpp, line 774]
Event: 3.362 Thread 0x00000120c5774970 Implicit null exception at 0x00000120d7297b3a to 0x00000120d7297d38
Event: 3.364 Thread 0x00000120c5774970 Exception <a 'java/lang/NoSuchMethodError'{0x0000000089c6d720}: 'java.lang.Object java.lang.invoke.Invokers$Holder.invokeExact_MT(java.lang.Object, int, java.lang.Object)'> (0x0000000089c6d720) 
thrown [s\open\src\hotspot\share\interpreter\linkResolver.cpp, line 774]
Event: 3.658 Thread 0x00000120c5774970 Exception <a 'java/lang/NoSuchMethodError'{0x000000008947de70}: 'void java.lang.invoke.Invokers$Holder.invokeExact_MT(java.lang.Object, java.lang.Object, java.lang.Object, java.lang.Object)'> (0x000000008947de70) 
thrown [s\open\src\hotspot\share\interpreter\linkResolver.cpp, line 774]
Event: 3.698 Thread 0x00000120c5774970 Exception <a 'java/lang/NoClassDefFoundError'{0x000000008930c100}: com/google/inject/servlet/ServletModuleTargetVisitor> (0x000000008930c100) 
thrown [s\open\src\hotspot\share\classfile\systemDictionary.cpp, line 302]
Event: 3.842 Thread 0x00000120c5774970 Exception <a 'java/lang/NoSuchMethodError'{0x00000000891bba28}: 'void java.lang.invoke.DirectMethodHandle$Holder.invokeVirtual(java.lang.Object, java.lang.Object)'> (0x00000000891bba28) 
thrown [s\open\src\hotspot\share\interpreter\linkResolver.cpp, line 774]
Event: 3.904 Thread 0x00000120c5774970 Exception <a 'java/lang/NoSuchMethodError'{0x000000008904ad80}: 'java.lang.Object java.lang.invoke.DirectMethodHandle$Holder.invokeStaticInit(java.lang.Object, int, int, int, int)'> (0x000000008904ad80) 
thrown [s\open\src\hotspot\share\interpreter\linkResolver.cpp, line 774]
Event: 4.074 Thread 0x00000120c5774970 Implicit null exception at 0x00000120d724cba4 to 0x00000120d724d23c
Event: 4.074 Thread 0x00000120c5774970 Implicit null exception at 0x00000120d722ce20 to 0x00000120d722d494
Event: 4.126 Thread 0x00000120c5774970 Exception <a 'java/lang/NoSuchMethodError'{0x0000000088bcea20}: 'void java.lang.invoke.DirectMethodHandle$Holder.invokeSpecial(java.lang.Object, java.lang.Object, java.lang.Object, java.lang.Object, java.lang.Object)'> (0x0000000088bcea20) 
thrown [s\open\src\hotspot\share\interpreter\linkResolver.cpp, line 774]
Event: 4.130 Thread 0x00000120c5774970 Exception <a 'java/lang/NoSuchMethodError'{0x0000000088be94c8}: 'void java.lang.invoke.DirectMethodHandle$Holder.invokeSpecial(java.lang.Object, java.lang.Object, java.lang.Object, java.lang.Object, java.lang.Object, java.lang.Object)'> (0x0000000088be94c8) 
thrown [s\open\src\hotspot\share\interpreter\linkResolver.cpp, line 774]
Event: 4.155 Thread 0x00000120c5774970 Exception <a 'java/lang/NoSuchMethodError'{0x0000000088ae0188}: 'java.lang.Object java.lang.invoke.DirectMethodHandle$Holder.invokeVirtual(java.lang.Object, java.lang.Object, java.lang.Object)'> (0x0000000088ae0188) 
thrown [s\open\src\hotspot\share\interpreter\linkResolver.cpp, line 774]

ZGC Phase Switch (0 events):
No events

VM Operations (20 events):
Event: 3.403 Executing VM operation: HandshakeAllThreads (Deoptimize)
Event: 3.403 Executing VM operation: HandshakeAllThreads (Deoptimize) done
Event: 3.406 Executing VM operation: HandshakeAllThreads (Deoptimize)
Event: 3.406 Executing VM operation: HandshakeAllThreads (Deoptimize) done
Event: 3.483 Executing VM operation: HandshakeAllThreads (Deoptimize)
Event: 3.483 Executing VM operation: HandshakeAllThreads (Deoptimize) done
Event: 3.651 Executing VM operation: HandshakeAllThreads (Deoptimize)
Event: 3.651 Executing VM operation: HandshakeAllThreads (Deoptimize) done
Event: 3.657 Executing VM operation: ICBufferFull
Event: 3.657 Executing VM operation: ICBufferFull done
Event: 3.865 Executing VM operation: HandshakeAllThreads (Deoptimize)
Event: 3.865 Executing VM operation: HandshakeAllThreads (Deoptimize) done
Event: 3.921 Executing VM operation: HandshakeAllThreads (Deoptimize)
Event: 3.921 Executing VM operation: HandshakeAllThreads (Deoptimize) done
Event: 3.959 Executing VM operation: HandshakeAllThreads (Deoptimize)
Event: 3.959 Executing VM operation: HandshakeAllThreads (Deoptimize) done
Event: 4.020 Executing VM operation: HandshakeAllThreads (Deoptimize)
Event: 4.020 Executing VM operation: HandshakeAllThreads (Deoptimize) done
Event: 5.031 Executing VM operation: Cleanup
Event: 5.031 Executing VM operation: Cleanup done

Events (20 events):
Event: 0.402 Thread 0x00000120c5774970 Thread added: 0x00000120c5774970
Event: 0.438 Thread 0x00000120e424d470 Thread added: 0x00000120e424d470
Event: 0.438 Thread 0x00000120e4250e00 Thread added: 0x00000120e4250e00
Event: 0.438 Thread 0x00000120e4257150 Thread added: 0x00000120e4257150
Event: 0.438 Thread 0x00000120e425be20 Thread added: 0x00000120e425be20
Event: 0.439 Thread 0x00000120e425cc30 Thread added: 0x00000120e425cc30
Event: 0.439 Thread 0x00000120e425eae0 Thread added: 0x00000120e425eae0
Event: 0.439 Thread 0x00000120e4261a30 Thread added: 0x00000120e4261a30
Event: 0.440 Thread 0x00000120e426b470 Thread added: 0x00000120e426b470
Event: 0.484 Thread 0x00000120c5294ab0 Thread added: 0x00000120c5294ab0
Event: 0.491 Thread 0x00000120c52a0960 Thread added: 0x00000120c52a0960
Event: 0.906 Thread 0x00000120c5463950 Thread added: 0x00000120c5463950
Event: 0.998 Thread 0x00000120c5463950 Thread exited: 0x00000120c5463950
Event: 1.224 Thread 0x00000120e4468390 Thread added: 0x00000120e4468390
Event: 1.651 Thread 0x00000120e4468390 Thread exited: 0x00000120e4468390
Event: 1.911 Thread 0x00000120e4566d20 Thread added: 0x00000120e4566d20
Event: 1.940 Thread 0x00000120e4be8200 Thread added: 0x00000120e4be8200
Event: 2.875 Thread 0x00000120e4be8200 Thread exited: 0x00000120e4be8200
Event: 3.198 Thread 0x00000120e4566d20 Thread exited: 0x00000120e4566d20
Event: 3.423 Thread 0x00000120e5037570 Thread added: 0x00000120e5037570


Dynamic libraries:
0x00007ff6f97c0000 - 0x00007ff6f97d0000 	C:\Users\dell\New folder\site\projet-recettes\.vscode\Oracle_JDK-22\bin\java.exe
0x00007ffef0280000 - 0x00007ffef04e0000 	C:\WINDOWS\SYSTEM32\ntdll.dll
0x00007ffeef350000 - 0x00007ffeef417000 	C:\WINDOWS\System32\KERNEL32.DLL
0x00007ffeed9c0000 - 0x00007ffeedd8a000 	C:\WINDOWS\System32\KERNELBASE.dll
0x00007ffeed680000 - 0x00007ffeed7cb000 	C:\WINDOWS\System32\ucrtbase.dll
0x00007ffeda700000 - 0x00007ffeda71b000 	C:\Users\dell\New folder\site\projet-recettes\.vscode\Oracle_JDK-22\bin\VCRUNTIME140.dll
0x00007ffed0920000 - 0x00007ffed0937000 	C:\Users\dell\New folder\site\projet-recettes\.vscode\Oracle_JDK-22\bin\jli.dll
0x00007ffeef1c0000 - 0x00007ffeef272000 	C:\WINDOWS\System32\ADVAPI32.dll
0x00007ffeee0b0000 - 0x00007ffeee159000 	C:\WINDOWS\System32\msvcrt.dll
0x00007ffeef280000 - 0x00007ffeef326000 	C:\WINDOWS\System32\sechost.dll
0x00007ffef0030000 - 0x00007ffef0146000 	C:\WINDOWS\System32\RPCRT4.dll
0x00007ffeee160000 - 0x00007ffeee32c000 	C:\WINDOWS\System32\USER32.dll
0x00007ffeee050000 - 0x00007ffeee077000 	C:\WINDOWS\System32\win32u.dll
0x00007ffeee080000 - 0x00007ffeee0aa000 	C:\WINDOWS\System32\GDI32.dll
0x00007ffeedd90000 - 0x00007ffeedec1000 	C:\WINDOWS\System32\gdi32full.dll
0x00007ffeed5d0000 - 0x00007ffeed673000 	C:\WINDOWS\System32\msvcp_win.dll
0x00007ffed6020000 - 0x00007ffed62b7000 	C:\WINDOWS\WinSxS\amd64_microsoft.windows.common-controls_6595b64144ccf1df_6.0.26100.3624_none_3e086962e3345f24\COMCTL32.dll
0x00007ffee72b0000 - 0x00007ffee72bb000 	C:\WINDOWS\SYSTEM32\VERSION.dll
0x00007ffeeff60000 - 0x00007ffeeff8f000 	C:\WINDOWS\System32\IMM32.DLL
0x00007ffedb990000 - 0x00007ffedb99c000 	C:\Users\dell\New folder\site\projet-recettes\.vscode\Oracle_JDK-22\bin\vcruntime140_1.dll
0x00007ffed4bb0000 - 0x00007ffed4c3e000 	C:\Users\dell\New folder\site\projet-recettes\.vscode\Oracle_JDK-22\bin\msvcp140.dll
0x00007ffe97420000 - 0x00007ffe98167000 	C:\Users\dell\New folder\site\projet-recettes\.vscode\Oracle_JDK-22\bin\server\jvm.dll
0x00007ffeeffa0000 - 0x00007ffef0014000 	C:\WINDOWS\System32\WS2_32.dll
0x00007ffeed2b0000 - 0x00007ffeed30e000 	C:\WINDOWS\SYSTEM32\POWRPROF.dll
0x00007ffed6480000 - 0x00007ffed64b6000 	C:\WINDOWS\SYSTEM32\WINMM.dll
0x00007ffeed290000 - 0x00007ffeed2a4000 	C:\WINDOWS\SYSTEM32\UMPDC.dll
0x00007ffeec270000 - 0x00007ffeec28a000 	C:\WINDOWS\SYSTEM32\kernel.appcore.dll
0x00007ffeda2a0000 - 0x00007ffeda2aa000 	C:\Users\dell\New folder\site\projet-recettes\.vscode\Oracle_JDK-22\bin\jimage.dll
0x00007ffee7db0000 - 0x00007ffee7ff1000 	C:\WINDOWS\SYSTEM32\DBGHELP.DLL
0x00007ffeeeca0000 - 0x00007ffeef022000 	C:\WINDOWS\System32\combase.dll
0x00007ffeef420000 - 0x00007ffeef4f6000 	C:\WINDOWS\System32\OLEAUT32.dll
0x00007ffe776f0000 - 0x00007ffe77729000 	C:\WINDOWS\SYSTEM32\dbgcore.DLL
0x00007ffeed7d0000 - 0x00007ffeed869000 	C:\WINDOWS\System32\bcryptPrimitives.dll
0x00007ffed8630000 - 0x00007ffed864e000 	C:\Users\dell\New folder\site\projet-recettes\.vscode\Oracle_JDK-22\bin\java.dll
0x00007ffeee570000 - 0x00007ffeeec99000 	C:\WINDOWS\System32\SHELL32.dll
0x00007ffeed460000 - 0x00007ffeed5c8000 	C:\WINDOWS\System32\wintypes.dll
0x00007ffeefbd0000 - 0x00007ffeefd66000 	C:\WINDOWS\System32\ole32.dll
0x00007ffeeb140000 - 0x00007ffeeb992000 	C:\WINDOWS\SYSTEM32\windows.storage.dll
0x00007ffef0150000 - 0x00007ffef023d000 	C:\WINDOWS\System32\SHCORE.dll
0x00007ffeef510000 - 0x00007ffeef574000 	C:\WINDOWS\System32\shlwapi.dll
0x00007ffeed370000 - 0x00007ffeed39f000 	C:\WINDOWS\SYSTEM32\profapi.dll
0x00007ffec0f50000 - 0x00007ffec1027000 	C:\Users\dell\New folder\site\projet-recettes\.vscode\Oracle_JDK-22\bin\jsvml.dll
0x00007ffed8620000 - 0x00007ffed8630000 	C:\Users\dell\New folder\site\projet-recettes\.vscode\Oracle_JDK-22\bin\net.dll
0x00007ffeec790000 - 0x00007ffeec7fa000 	C:\WINDOWS\system32\mswsock.dll
0x00007ffed7ed0000 - 0x00007ffed7ee6000 	C:\Users\dell\New folder\site\projet-recettes\.vscode\Oracle_JDK-22\bin\nio.dll
0x00007ffed7eb0000 - 0x00007ffed7ec7000 	C:\Users\dell\New folder\site\projet-recettes\.vscode\Oracle_JDK-22\bin\zip.dll
0x00007ffec2c30000 - 0x00007ffec2c54000 	C:\Users\dell\.m2\wrapper\dists\apache-maven-3.9.9\977a63e90f436cd6ade95b4c0e10c20c\lib\jansi-native\Windows\x86_64\jansi.dll
0x00007ffed8290000 - 0x00007ffed82a0000 	C:\Users\dell\New folder\site\projet-recettes\.vscode\Oracle_JDK-22\bin\verify.dll

dbghelp: loaded successfully - version: 4.0.5 - missing functions: none
symbol engine: initialized successfully - sym options: 0x614 - pdb path: .;C:\Users\dell\New folder\site\projet-recettes\.vscode\Oracle_JDK-22\bin;C:\WINDOWS\SYSTEM32;C:\WINDOWS\WinSxS\amd64_microsoft.windows.common-controls_6595b64144ccf1df_6.0.26100.3624_none_3e086962e3345f24;C:\Users\dell\New folder\site\projet-recettes\.vscode\Oracle_JDK-22\bin\server;C:\Users\dell\.m2\wrapper\dists\apache-maven-3.9.9\977a63e90f436cd6ade95b4c0e10c20c\lib\jansi-native\Windows\x86_64

VM Arguments:
jvm_args: -Dclassworlds.conf=C:\Users\dell\.m2\wrapper\dists\apache-maven-3.9.9\977a63e90f436cd6ade95b4c0e10c20c\bin\m2.conf -Dmaven.home=C:\Users\dell\.m2\wrapper\dists\apache-maven-3.9.9\977a63e90f436cd6ade95b4c0e10c20c -Dlibrary.jansi.path=C:\Users\dell\.m2\wrapper\dists\apache-maven-3.9.9\977a63e90f436cd6ade95b4c0e10c20c\lib\jansi-native -Dmaven.multiModuleProjectDirectory=C:\Users\dell\OneDrive\Bureau\projects\conge 
java_command: org.codehaus.plexus.classworlds.launcher.Launcher -Dtest=dz.airalgerie.conge.CongeApplicationTests -Dmaven.ext.class.path=C:\Users\dell\.vscode\extensions\oracle.oracle-java-24.0.0\nbcode\java\maven-nblib\netbeans-eventspy.jar --no-transfer-progress process-test-classes surefire:test
java_class_path (initial): C:\Users\dell\.m2\wrapper\dists\apache-maven-3.9.9\977a63e90f436cd6ade95b4c0e10c20c\boot\plexus-classworlds-2.8.0.jar
Launcher Type: SUN_STANDARD

[Global flags]
     intx CICompilerCount                          = 4                                         {product} {ergonomic}
     uint ConcGCThreads                            = 2                                         {product} {ergonomic}
     uint G1ConcRefinementThreads                  = 8                                         {product} {ergonomic}
   size_t G1HeapRegionSize                         = 1048576                                   {product} {ergonomic}
   size_t InitialHeapSize                          = 132120576                                 {product} {ergonomic}
   size_t MarkStackSize                            = 4194304                                   {product} {ergonomic}
   size_t MaxHeapSize                              = 2111832064                                {product} {ergonomic}
   size_t MaxNewSize                               = 1266679808                                {product} {ergonomic}
   size_t MinHeapDeltaBytes                        = 1048576                                   {product} {ergonomic}
   size_t MinHeapSize                              = 8388608                                   {product} {ergonomic}
    uintx NonNMethodCodeHeapSize                   = 5839372                                {pd product} {ergonomic}
    uintx NonProfiledCodeHeapSize                  = 122909434                              {pd product} {ergonomic}
    uintx ProfiledCodeHeapSize                     = 122909434                              {pd product} {ergonomic}
    uintx ReservedCodeCacheSize                    = 251658240                              {pd product} {ergonomic}
     bool SegmentedCodeCache                       = true                                      {product} {ergonomic}
   size_t SoftMaxHeapSize                          = 2111832064                             {manageable} {ergonomic}
     bool UseCompressedOops                        = true                           {product lp64_product} {ergonomic}
     bool UseG1GC                                  = true                                      {product} {ergonomic}
     bool UseLargePagesIndividualAllocation        = false                                  {pd product} {ergonomic}

Logging:
Log output configuration:
 #0: stdout all=warning uptime,level,tags foldmultilines=false
 #1: stderr all=off uptime,level,tags foldmultilines=false

Environment Variables:
JAVA_HOME=C:\Users\dell\New folder\site\projet-recettes\.vscode\Oracle_JDK-22
PATH=C:\Program Files\Common Files\Oracle\Java\javapath;C:\WINDOWS\system32;C:\WINDOWS;C:\WINDOWS\System32\Wbem;C:\WINDOWS\System32\WindowsPowerShell\v1.0\;C:\WINDOWS\System32\OpenSSH\;C:\Program Files\dotnet\;C:\Program Files (x86)\Intel\Intel(R) Management Engine Components\DAL;C:\Program Files\Intel\Intel(R) Management Engine Components\DAL;C:\Program Files\Java\jdk-22\bin;C:\Program Files (x86)\CodeBlocks\MinGW\bin;C:\Program Files (x86)\CodeBlocks\MinGW\lib;C:\Program Files (x86)\GnuWin32\bin;C:\bison\bin;C:\Program Files (x86)\Microsoft SQL Server\160\Tools\Binn\;C:\Program Files\Microsoft SQL Server\160\Tools\Binn\;C:\Program Files\Microsoft SQL Server\Client SDK\ODBC\170\Tools\Binn\;C:\Program Files\Microsoft SQL Server\160\DTS\Binn\;C:\Program Files\Microsoft SQL Server\Client SDK\ODBC\130\Tools\Binn\;C:\Program Files (x86)\Microsoft SQL Server\140\Tools\Binn\;C:\Program Files\Microsoft SQL Server\140\Tools\Binn\;C:\Program Files\Microsoft SQL Server\140\DTS\Binn\;C:\Program Files\Microsoft SQL Server\Client SDK\ODBC\110\Tools\Binn\;C:\Program Files (x86)\Microsoft SQL Server\120\Tools\Binn\ManagementStudio\;C:\Program Files (x86)\Microsoft SQL Server\120\Tools\Binn\;C:\Program Files\Microsoft SQL Server\120\Tools\Binn\;C:\Program Files (x86)\Microsoft SQL Server\120\DTS\Binn\;C:\Program Files\Microsoft SQL Server\120\DTS\Binn\;C:\Program Files (x86)\Microsoft SQL Server\150\DTS\Binn\;C:\Users\dell\Downloads\apache-maven-4.0.0-rc-2-bin;%MAVEN_HOME%\bin;C:\Program Files\apache-maven-4.0.0-rc2\bin;C:\Program Files\Git\cmd;C:\dev\flutter\bin;C:\Program Files\nodejs\;C:\Users\dell\AppData\Local\Pub\Cache\bin;C:\Users\dell\AppData\Local\Programs\Python\Launcher\;C:\Users\dell\AppData\Local\Microsoft\WindowsApps;C:\Users\dell\AppData\Local\Programs\Microsoft VS Code\bin;C:\Program Files (x86)\CodeBlocks\MinGW\bin;c:\Bison\bin;C:\MinGW\bin;C:\Program Files\mingw-w64\...\bin;C:\Users\dell\Downloads\apache-maven-4.0.0-rc-2-bin;C:\Users\dell\AppData\Roaming\npm;C:\Users\dell\AppData\Local\GitHubDesktop\bin
USERNAME=dell
OS=Windows_NT
PROCESSOR_IDENTIFIER=Intel64 Family 6 Model 142 Stepping 10, GenuineIntel
TMP=C:\Users\dell\AppData\Local\Temp
TEMP=C:\Users\dell\AppData\Local\Temp




Periodic native trim disabled

---------------  S Y S T E M  ---------------

OS:
 Windows 11 , 64 bit Build 26100 (10.0.26100.3775)
OS uptime: 1 days 16:56 hours

CPU: total 8 (initial active 8) (4 cores per cpu, 2 threads per core) family 6 model 142 stepping 10 microcode 0xf4, cx8, cmov, fxsr, ht, mmx, 3dnowpref, sse, sse2, sse3, ssse3, sse4.1, sse4.2, popcnt, lzcnt, tsc, tscinvbit, avx, avx2, aes, erms, clmul, bmi1, bmi2, adx, fma, vzeroupper, clflush, clflushopt, rdtscp, f16c
Processor Information for processor 0
  Max Mhz: 1800, Current Mhz: 1600, Mhz Limit: 1584
Processor Information for processor 1
  Max Mhz: 1800, Current Mhz: 1600, Mhz Limit: 1584
Processor Information for processor 2
  Max Mhz: 1800, Current Mhz: 1500, Mhz Limit: 1584
Processor Information for processor 3
  Max Mhz: 1800, Current Mhz: 1600, Mhz Limit: 1584
Processor Information for processor 4
  Max Mhz: 1800, Current Mhz: 1500, Mhz Limit: 1584
Processor Information for processor 5
  Max Mhz: 1800, Current Mhz: 1500, Mhz Limit: 1584
Processor Information for processor 6
  Max Mhz: 1800, Current Mhz: 1600, Mhz Limit: 1584
Processor Information for processor 7
  Max Mhz: 1800, Current Mhz: 1500, Mhz Limit: 1584

Memory: 4k page, system-wide physical 8050M (535M free)
TotalPageFile size 16242M (AvailPageFile size 7M)
current process WorkingSet (physical memory assigned to process): 121M, peak: 127M
current process commit charge ("private bytes"): 247M, peak: 253M

vm_info: Java HotSpot(TM) 64-Bit Server VM (22.0.1+8-16) for windows-amd64 JRE (22.0.1+8-16), built on 2024-03-12T10:33:16Z by "mach5one" with MS VC++ 17.6 (VS2022)

END.
