#
# There is insufficient memory for the Java Runtime Environment to continue.
# Native memory allocation (mmap) failed to map 2064384 bytes. Error detail: G1 virtual space
# Possible reasons:
#   The system is out of physical RAM or swap space
#   This process is running with CompressedOops enabled, and the Java Heap may be blocking the growth of the native heap
# Possible solutions:
#   Reduce memory load on the system
#   Increase physical memory or swap space
#   Check if swap backing store is full
#   Decrease Java heap size (-Xmx/-Xms)
#   Decrease number of Java threads
#   Decrease Java thread stack sizes (-Xss)
#   Set larger code cache with -XX:ReservedCodeCacheSize=
#   JVM is running with Unscaled Compressed Oops mode in which the Java heap is
#     placed in the first 4GB address space. The Java Heap base address is the
#     maximum limit for the native heap growth. Please use -XX:HeapBaseMinAddress
#     to set the Java Heap base and to place the Java Heap above 4GB virtual address.
# This output file may be truncated or incomplete.
#
#  Out of Memory Error (os_windows.cpp:3631), pid=2708, tid=3444
#
# JRE version:  (22.0.1+8) (build )
# Java VM: Java HotSpot(TM) 64-Bit Server VM (22.0.1+8-16, mixed mode, sharing, tiered, compressed oops, compressed class ptrs, g1 gc, windows-amd64)
# No core dump will be written. Minidumps are not enabled by default on client versions of Windows
#

---------------  S U M M A R Y ------------

Command Line: -Dclassworlds.conf=C:\Users\dell\.m2\wrapper\dists\apache-maven-3.9.9\977a63e90f436cd6ade95b4c0e10c20c\bin\m2.conf -Dmaven.home=C:\Users\dell\.m2\wrapper\dists\apache-maven-3.9.9\977a63e90f436cd6ade95b4c0e10c20c -Dlibrary.jansi.path=C:\Users\dell\.m2\wrapper\dists\apache-maven-3.9.9\977a63e90f436cd6ade95b4c0e10c20c\lib\jansi-native -Dmaven.multiModuleProjectDirectory=C:\Users\dell\OneDrive\Bureau\projects\conge org.codehaus.plexus.classworlds.launcher.Launcher -Dtest=dz.airalgerie.conge.CongeApplicationTests -Dmaven.ext.class.path=C:\Users\dell\.vscode\extensions\oracle.oracle-java-24.0.0\nbcode\java\maven-nblib\netbeans-eventspy.jar --no-transfer-progress process-test-classes surefire:test

Host: Intel(R) Core(TM) i5-8250U CPU @ 1.60GHz, 8 cores, 7G,  Windows 11 , 64 bit Build 26100 (10.0.26100.3775)
Time: Thu May  1 14:45:44 2025 W. Central Africa Standard Time elapsed time: 2.532905 seconds (0d 0h 0m 2s)

---------------  T H R E A D  ---------------

Current thread (0x000001c5942b3750):  JavaThread "Unknown thread" [_thread_in_vm, id=3444, stack(0x00000017bcf00000,0x00000017bd000000) (1024K)]

Stack: [0x00000017bcf00000,0x00000017bd000000]
Native frames: (J=compiled Java code, j=interpreted, Vv=VM code, C=native code)
V  [jvm.dll+0x6e2279]  (no source info available)
V  [jvm.dll+0x874e33]  (no source info available)
V  [jvm.dll+0x87725e]  (no source info available)
V  [jvm.dll+0x877933]  (no source info available)
V  [jvm.dll+0x27fd76]  (no source info available)
V  [jvm.dll+0x6de915]  (no source info available)
V  [jvm.dll+0x6d341a]  (no source info available)
V  [jvm.dll+0x3589da]  (no source info available)
V  [jvm.dll+0x360f06]  (no source info available)
V  [jvm.dll+0x3b3e43]  (no source info available)
V  [jvm.dll+0x3b40d8]  (no source info available)
V  [jvm.dll+0x32c59c]  (no source info available)
V  [jvm.dll+0x32d158]  (no source info available)
V  [jvm.dll+0x83ccdc]  (no source info available)
V  [jvm.dll+0x3c0d71]  (no source info available)
V  [jvm.dll+0x825ccc]  (no source info available)
V  [jvm.dll+0x45b8fe]  (no source info available)
V  [jvm.dll+0x45d781]  (no source info available)
C  [jli.dll+0x52a3]  (no source info available)
C  [ucrtbase.dll+0x37b0]  (no source info available)
C  [KERNEL32.DLL+0x2e8d7]  (no source info available)
C  [ntdll.dll+0xb14fc]  (no source info available)


---------------  P R O C E S S  ---------------

Threads class SMR info:
_java_thread_list=0x00007ffe9800b1c8, length=0, elements={
}

Java Threads: ( => current thread )
Total: 0

Other Threads:
  0x000001c5965668b0 WorkerThread "GC Thread#0"                     [id=13652, stack(0x00000017bd000000,0x00000017bd100000) (1024K)]
  0x000001c596579200 ConcurrentGCThread "G1 Main Marker"            [id=15180, stack(0x00000017bd100000,0x00000017bd200000) (1024K)]
  0x000001c59657a3c0 WorkerThread "G1 Conc#0"                       [id=20204, stack(0x00000017bd200000,0x00000017bd300000) (1024K)]

[error occurred during error reporting (printing all threads), id 0xc0000005, EXCEPTION_ACCESS_VIOLATION (0xc0000005) at pc=0x00007ffe9775f367]
VM state: not at safepoint (not fully initialized)

VM Mutex/Monitor currently owned by a thread:  ([mutex/lock_event])
[0x00007ffe9808bcb8] Heap_lock - owner thread: 0x000001c5942b3750

Heap address: 0x0000000082200000, size: 2014 MB, Compressed Oops mode: 32-bit

CDS archive(s) mapped at: [0x0000000000000000-0x0000000000000000-0x0000000000000000), size 0, SharedBaseAddress: 0x0000000800000000, ArchiveRelocationMode: 1.
Narrow klass base: 0x0000000000000000, Narrow klass shift: 0, Narrow klass range: 0x0

GC Precious Log:
 CardTable entry size: 512
 Card Set container configuration: InlinePtr #cards 5 size 8 Array Of Cards #cards 12 size 40 Howl #buckets 4 coarsen threshold 1843 Howl Bitmap #cards 512 size 80 coarsen threshold 460 Card regions per heap region 1 cards per card region 2048

Heap:
 garbage-first heap   total reserved 2062336K, committed 0K, used 0K [0x0000000082200000, 0x0000000100000000)
  region size 1024K, 0 young (0K), 0 survivors (0K)

[error occurred during error reporting (printing heap information), id 0xc0000005, EXCEPTION_ACCESS_VIOLATION (0xc0000005) at pc=0x00007ffe97b5e429]
GC Heap History (0 events):
No events

Dll operation events (1 events):
Event: 0.012 Loaded shared library C:\Users\dell\New folder\site\projet-recettes\.vscode\Oracle_JDK-22\bin\java.dll

Deoptimization events (0 events):
No events

Classes loaded (0 events):
No events

Classes unloaded (0 events):
No events

Classes redefined (0 events):
No events

Internal exceptions (0 events):
No events

ZGC Phase Switch (0 events):
No events

VM Operations (0 events):
No events

Events (0 events):
No events


Dynamic libraries:
0x00007ff6f97c0000 - 0x00007ff6f97d0000 	C:\Users\dell\New folder\site\projet-recettes\.vscode\Oracle_JDK-22\bin\java.exe
0x00007ffef0280000 - 0x00007ffef04e0000 	C:\WINDOWS\SYSTEM32\ntdll.dll
0x00007ffeef350000 - 0x00007ffeef417000 	C:\WINDOWS\System32\KERNEL32.DLL
0x00007ffeed9c0000 - 0x00007ffeedd8a000 	C:\WINDOWS\System32\KERNELBASE.dll
0x00007ffeed680000 - 0x00007ffeed7cb000 	C:\WINDOWS\System32\ucrtbase.dll
0x00007ffeda700000 - 0x00007ffeda71b000 	C:\Users\dell\New folder\site\projet-recettes\.vscode\Oracle_JDK-22\bin\VCRUNTIME140.dll
0x00007ffed5440000 - 0x00007ffed5457000 	C:\Users\dell\New folder\site\projet-recettes\.vscode\Oracle_JDK-22\bin\jli.dll
0x00007ffeef1c0000 - 0x00007ffeef272000 	C:\WINDOWS\System32\ADVAPI32.dll
0x00007ffeee0b0000 - 0x00007ffeee159000 	C:\WINDOWS\System32\msvcrt.dll
0x00007ffeef280000 - 0x00007ffeef326000 	C:\WINDOWS\System32\sechost.dll
0x00007ffef0030000 - 0x00007ffef0146000 	C:\WINDOWS\System32\RPCRT4.dll
0x00007ffeee160000 - 0x00007ffeee32c000 	C:\WINDOWS\System32\USER32.dll
0x00007ffeee050000 - 0x00007ffeee077000 	C:\WINDOWS\System32\win32u.dll
0x00007ffed6020000 - 0x00007ffed62b7000 	C:\WINDOWS\WinSxS\amd64_microsoft.windows.common-controls_6595b64144ccf1df_6.0.26100.3624_none_3e086962e3345f24\COMCTL32.dll
0x00007ffeee080000 - 0x00007ffeee0aa000 	C:\WINDOWS\System32\GDI32.dll
0x00007ffeedd90000 - 0x00007ffeedec1000 	C:\WINDOWS\System32\gdi32full.dll
0x00007ffeed5d0000 - 0x00007ffeed673000 	C:\WINDOWS\System32\msvcp_win.dll
0x00007ffee72b0000 - 0x00007ffee72bb000 	C:\WINDOWS\SYSTEM32\VERSION.dll
0x00007ffeeff60000 - 0x00007ffeeff8f000 	C:\WINDOWS\System32\IMM32.DLL
0x00007ffedb990000 - 0x00007ffedb99c000 	C:\Users\dell\New folder\site\projet-recettes\.vscode\Oracle_JDK-22\bin\vcruntime140_1.dll
0x00007ffed4bb0000 - 0x00007ffed4c3e000 	C:\Users\dell\New folder\site\projet-recettes\.vscode\Oracle_JDK-22\bin\msvcp140.dll
0x00007ffe97420000 - 0x00007ffe98167000 	C:\Users\dell\New folder\site\projet-recettes\.vscode\Oracle_JDK-22\bin\server\jvm.dll
0x00007ffeeffa0000 - 0x00007ffef0014000 	C:\WINDOWS\System32\WS2_32.dll
0x00007ffeed2b0000 - 0x00007ffeed30e000 	C:\WINDOWS\SYSTEM32\POWRPROF.dll
0x00007ffed6480000 - 0x00007ffed64b6000 	C:\WINDOWS\SYSTEM32\WINMM.dll
0x00007ffeed290000 - 0x00007ffeed2a4000 	C:\WINDOWS\SYSTEM32\UMPDC.dll
0x00007ffeec270000 - 0x00007ffeec28a000 	C:\WINDOWS\SYSTEM32\kernel.appcore.dll
0x00007ffeda2a0000 - 0x00007ffeda2aa000 	C:\Users\dell\New folder\site\projet-recettes\.vscode\Oracle_JDK-22\bin\jimage.dll
0x00007ffee7db0000 - 0x00007ffee7ff1000 	C:\WINDOWS\SYSTEM32\DBGHELP.DLL
0x00007ffeeeca0000 - 0x00007ffeef022000 	C:\WINDOWS\System32\combase.dll
0x00007ffeef420000 - 0x00007ffeef4f6000 	C:\WINDOWS\System32\OLEAUT32.dll
0x00007ffe776f0000 - 0x00007ffe77729000 	C:\WINDOWS\SYSTEM32\dbgcore.DLL
0x00007ffeed7d0000 - 0x00007ffeed869000 	C:\WINDOWS\System32\bcryptPrimitives.dll
0x00007ffed8630000 - 0x00007ffed864e000 	C:\Users\dell\New folder\site\projet-recettes\.vscode\Oracle_JDK-22\bin\java.dll
0x00007ffeee570000 - 0x00007ffeeec99000 	C:\WINDOWS\System32\SHELL32.dll
0x00007ffeed460000 - 0x00007ffeed5c8000 	C:\WINDOWS\System32\wintypes.dll
0x00007ffeefbd0000 - 0x00007ffeefd66000 	C:\WINDOWS\System32\ole32.dll

dbghelp: loaded successfully - version: 4.0.5 - missing functions: none
symbol engine: initialized successfully - sym options: 0x614 - pdb path: .;C:\Users\dell\New folder\site\projet-recettes\.vscode\Oracle_JDK-22\bin;C:\WINDOWS\SYSTEM32;C:\WINDOWS\WinSxS\amd64_microsoft.windows.common-controls_6595b64144ccf1df_6.0.26100.3624_none_3e086962e3345f24;C:\Users\dell\New folder\site\projet-recettes\.vscode\Oracle_JDK-22\bin\server

VM Arguments:
jvm_args: -Dclassworlds.conf=C:\Users\dell\.m2\wrapper\dists\apache-maven-3.9.9\977a63e90f436cd6ade95b4c0e10c20c\bin\m2.conf -Dmaven.home=C:\Users\dell\.m2\wrapper\dists\apache-maven-3.9.9\977a63e90f436cd6ade95b4c0e10c20c -Dlibrary.jansi.path=C:\Users\dell\.m2\wrapper\dists\apache-maven-3.9.9\977a63e90f436cd6ade95b4c0e10c20c\lib\jansi-native -Dmaven.multiModuleProjectDirectory=C:\Users\dell\OneDrive\Bureau\projects\conge 
java_command: org.codehaus.plexus.classworlds.launcher.Launcher -Dtest=dz.airalgerie.conge.CongeApplicationTests -Dmaven.ext.class.path=C:\Users\dell\.vscode\extensions\oracle.oracle-java-24.0.0\nbcode\java\maven-nblib\netbeans-eventspy.jar --no-transfer-progress process-test-classes surefire:test
java_class_path (initial): C:\Users\dell\.m2\wrapper\dists\apache-maven-3.9.9\977a63e90f436cd6ade95b4c0e10c20c\boot\plexus-classworlds-2.8.0.jar
Launcher Type: SUN_STANDARD

[Global flags]
     intx CICompilerCount                          = 4                                         {product} {ergonomic}
     uint ConcGCThreads                            = 2                                         {product} {ergonomic}
     uint G1ConcRefinementThreads                  = 8                                         {product} {ergonomic}
   size_t G1HeapRegionSize                         = 1048576                                   {product} {ergonomic}
   size_t InitialHeapSize                          = 132120576                                 {product} {ergonomic}
   size_t MarkStackSize                            = 4194304                                   {product} {ergonomic}
   size_t MaxHeapSize                              = 2111832064                                {product} {ergonomic}
   size_t MinHeapDeltaBytes                        = 1048576                                   {product} {ergonomic}
   size_t MinHeapSize                              = 8388608                                   {product} {ergonomic}
    uintx NonNMethodCodeHeapSize                   = 5839372                                {pd product} {ergonomic}
    uintx NonProfiledCodeHeapSize                  = 122909434                              {pd product} {ergonomic}
    uintx ProfiledCodeHeapSize                     = 122909434                              {pd product} {ergonomic}
    uintx ReservedCodeCacheSize                    = 251658240                              {pd product} {ergonomic}
     bool SegmentedCodeCache                       = true                                      {product} {ergonomic}
   size_t SoftMaxHeapSize                          = 2111832064                             {manageable} {ergonomic}
     bool UseCompressedOops                        = true                           {product lp64_product} {ergonomic}
     bool UseG1GC                                  = true                                      {product} {ergonomic}
     bool UseLargePagesIndividualAllocation        = false                                  {pd product} {ergonomic}

Logging:
Log output configuration:
 #0: stdout all=warning uptime,level,tags foldmultilines=false
 #1: stderr all=off uptime,level,tags foldmultilines=false

Environment Variables:
JAVA_HOME=C:\Users\dell\New folder\site\projet-recettes\.vscode\Oracle_JDK-22
PATH=C:\Program Files\Common Files\Oracle\Java\javapath;C:\WINDOWS\system32;C:\WINDOWS;C:\WINDOWS\System32\Wbem;C:\WINDOWS\System32\WindowsPowerShell\v1.0\;C:\WINDOWS\System32\OpenSSH\;C:\Program Files\dotnet\;C:\Program Files (x86)\Intel\Intel(R) Management Engine Components\DAL;C:\Program Files\Intel\Intel(R) Management Engine Components\DAL;C:\Program Files\Java\jdk-22\bin;C:\Program Files (x86)\CodeBlocks\MinGW\bin;C:\Program Files (x86)\CodeBlocks\MinGW\lib;C:\Program Files (x86)\GnuWin32\bin;C:\bison\bin;C:\Program Files (x86)\Microsoft SQL Server\160\Tools\Binn\;C:\Program Files\Microsoft SQL Server\160\Tools\Binn\;C:\Program Files\Microsoft SQL Server\Client SDK\ODBC\170\Tools\Binn\;C:\Program Files\Microsoft SQL Server\160\DTS\Binn\;C:\Program Files\Microsoft SQL Server\Client SDK\ODBC\130\Tools\Binn\;C:\Program Files (x86)\Microsoft SQL Server\140\Tools\Binn\;C:\Program Files\Microsoft SQL Server\140\Tools\Binn\;C:\Program Files\Microsoft SQL Server\140\DTS\Binn\;C:\Program Files\Microsoft SQL Server\Client SDK\ODBC\110\Tools\Binn\;C:\Program Files (x86)\Microsoft SQL Server\120\Tools\Binn\ManagementStudio\;C:\Program Files (x86)\Microsoft SQL Server\120\Tools\Binn\;C:\Program Files\Microsoft SQL Server\120\Tools\Binn\;C:\Program Files (x86)\Microsoft SQL Server\120\DTS\Binn\;C:\Program Files\Microsoft SQL Server\120\DTS\Binn\;C:\Program Files (x86)\Microsoft SQL Server\150\DTS\Binn\;C:\Users\dell\Downloads\apache-maven-4.0.0-rc-2-bin;%MAVEN_HOME%\bin;C:\Program Files\apache-maven-4.0.0-rc2\bin;C:\Program Files\Git\cmd;C:\dev\flutter\bin;C:\Program Files\nodejs\;C:\Users\dell\AppData\Local\Pub\Cache\bin;C:\Users\dell\AppData\Local\Programs\Python\Launcher\;C:\Users\dell\AppData\Local\Microsoft\WindowsApps;C:\Users\dell\AppData\Local\Programs\Microsoft VS Code\bin;C:\Program Files (x86)\CodeBlocks\MinGW\bin;c:\Bison\bin;C:\MinGW\bin;C:\Program Files\mingw-w64\...\bin;C:\Users\dell\Downloads\apache-maven-4.0.0-rc-2-bin;C:\Users\dell\AppData\Roaming\npm;C:\Users\dell\AppData\Local\GitHubDesktop\bin
USERNAME=dell
OS=Windows_NT
PROCESSOR_IDENTIFIER=Intel64 Family 6 Model 142 Stepping 10, GenuineIntel
TMP=C:\Users\dell\AppData\Local\Temp
TEMP=C:\Users\dell\AppData\Local\Temp




Periodic native trim disabled

---------------  S Y S T E M  ---------------

OS:
 Windows 11 , 64 bit Build 26100 (10.0.26100.3775)
OS uptime: 1 days 16:56 hours

CPU: total 8 (initial active 8) (4 cores per cpu, 2 threads per core) family 6 model 142 stepping 10 microcode 0xf4, cx8, cmov, fxsr, ht, mmx, 3dnowpref, sse, sse2, sse3, ssse3, sse4.1, sse4.2, popcnt, lzcnt, tsc, tscinvbit, avx, avx2, aes, erms, clmul, bmi1, bmi2, adx, fma, vzeroupper, clflush, clflushopt, rdtscp, f16c
Processor Information for processor 0
  Max Mhz: 1800, Current Mhz: 1500, Mhz Limit: 1584
Processor Information for processor 1
  Max Mhz: 1800, Current Mhz: 1500, Mhz Limit: 1584
Processor Information for processor 2
  Max Mhz: 1800, Current Mhz: 1500, Mhz Limit: 1584
Processor Information for processor 3
  Max Mhz: 1800, Current Mhz: 1600, Mhz Limit: 1584
Processor Information for processor 4
  Max Mhz: 1800, Current Mhz: 1500, Mhz Limit: 1584
Processor Information for processor 5
  Max Mhz: 1800, Current Mhz: 1500, Mhz Limit: 1584
Processor Information for processor 6
  Max Mhz: 1800, Current Mhz: 1500, Mhz Limit: 1584
Processor Information for processor 7
  Max Mhz: 1800, Current Mhz: 1500, Mhz Limit: 1584

Memory: 4k page, system-wide physical 8050M (589M free)
TotalPageFile size 16242M (AvailPageFile size 34M)
current process WorkingSet (physical memory assigned to process): 13M, peak: 13M
current process commit charge ("private bytes"): 187M, peak: 188M

vm_info: Java HotSpot(TM) 64-Bit Server VM (22.0.1+8-16) for windows-amd64 JRE (22.0.1+8-16), built on 2024-03-12T10:33:16Z by "mach5one" with MS VC++ 17.6 (VS2022)

END.
